#
# There is insufficient memory for the Java Runtime Environment to continue.
# Native memory allocation (malloc) failed to allocate 32744 bytes for ChunkPool::allocate
# Possible reasons:
#   The system is out of physical RAM or swap space
#   In 32 bit mode, the process size limit was hit
# Possible solutions:
#   Reduce memory load on the system
#   Increase physical memory or swap space
#   Check if swap backing store is full
#   Use 64 bit Java on a 64 bit OS
#   Decrease Java heap size (-Xmx/-Xms)
#   Decrease number of Java threads
#   Decrease Java thread stack sizes (-Xss)
#   Set larger code cache with -XX:ReservedCodeCacheSize=
# This output file may be truncated or incomplete.
#
#  Out of Memory Error (allocation.cpp:273), pid=26228, tid=0x00000000000066c8
#
# JRE version: Java(TM) SE Runtime Environment (8.0_131-b11) (build 1.8.0_131-b11)
# Java VM: Java HotSpot(TM) 64-Bit Server VM (25.131-b11 mixed mode windows-amd64 compressed oops)
# Failed to write core dump. Minidumps are not enabled by default on client versions of Windows
#

---------------  T H R E A D  ---------------

Current thread (0x0000000017b97000):  JavaThread "C2 CompilerThread0" daemon [_thread_in_native, id=26312, stack(0x0000000018b90000,0x0000000018c90000)]

Stack: [0x0000000018b90000,0x0000000018c90000]
[error occurred during error reporting (printing stack bounds), id 0xc0000005]

Native frames: (J=compiled Java code, j=interpreted, Vv=VM code, C=native code)


Current CompileTask:
C2:1380520 8086 %     4       org.springframework.asm.ClassReader::readCode @ 1406 (3343 bytes)


---------------  P R O C E S S  ---------------

Java Threads: ( => current thread )
  0x000000001e4c3000 JavaThread "[customer-api].http.listener.HttpIdleConnectionCloser.01" [_thread_blocked, id=7496, stack(0x000000002ba80000,0x000000002bb80000)]
  0x000000001e4bb000 JavaThread "[customer-api].http.listener.worker(4)" daemon [_thread_blocked, id=22504, stack(0x000000002b980000,0x000000002ba80000)]
  0x000000001e4be800 JavaThread "[customer-api].http.listener.worker(3)" daemon [_thread_blocked, id=9472, stack(0x000000002b880000,0x000000002b980000)]
  0x000000001e4c0000 JavaThread "[customer-api].http.listener.worker(2)" daemon [_thread_blocked, id=9660, stack(0x000000002b780000,0x000000002b880000)]
  0x000000001e4c1000 JavaThread "[customer-api].http.listener.worker(1)" daemon [_thread_blocked, id=17436, stack(0x000000002b680000,0x000000002b780000)]
  0x000000001e4c1800 JavaThread "[customer-api].http.listener(3) SelectorRunner" daemon [_thread_in_native, id=3768, stack(0x000000002b580000,0x000000002b680000)]
  0x000000001e4bd000 JavaThread "[customer-api].http.listener(2) SelectorRunner" daemon [_thread_in_native, id=16212, stack(0x000000002b480000,0x000000002b580000)]
  0x000000001e4bc800 JavaThread "[customer-api].http.listener(1) SelectorRunner" daemon [_thread_in_native, id=9504, stack(0x000000002b380000,0x000000002b480000)]
  0x000000001ac6c800 JavaThread "[customer-api].Mule.01" [_thread_blocked, id=12124, stack(0x000000002b280000,0x000000002b380000)]
  0x000000001ac66800 JavaThread "Log4j2-AsyncLoggerConfig-21" daemon [_thread_blocked, id=3832, stack(0x000000002b180000,0x000000002b280000)]
  0x000000001ac69800 JavaThread "Log4j2-AsyncLoggerConfig-20" daemon [_thread_blocked, id=18108, stack(0x000000002b080000,0x000000002b180000)]
  0x000000001e4c5800 JavaThread "Abandoned connection cleanup thread" daemon [_thread_blocked, id=12092, stack(0x000000002af80000,0x000000002b080000)]
  0x000000001da7b800 JavaThread "Log4j2-AsyncLoggerConfig-19" daemon [_thread_blocked, id=9236, stack(0x0000000029a80000,0x0000000029b80000)]
  0x000000001da82800 JavaThread "Log4j2-AsyncLoggerConfig-18" daemon [_thread_blocked, id=16376, stack(0x0000000029980000,0x0000000029a80000)]
  0x000000001da84800 JavaThread "Abandoned connection cleanup thread" daemon [_thread_blocked, id=23092, stack(0x0000000029680000,0x0000000029780000)]
  0x000000001e4bf800 JavaThread "Log4j2-AsyncLoggerConfig-16" daemon [_thread_blocked, id=22928, stack(0x0000000028280000,0x0000000028380000)]
  0x000000001e4bb800 JavaThread "Log4j2-AsyncLoggerConfig-14" daemon [_thread_blocked, id=14384, stack(0x0000000026e80000,0x0000000026f80000)]
  0x000000001e4be000 JavaThread "Abandoned connection cleanup thread" daemon [_thread_blocked, id=8548, stack(0x0000000026d80000,0x0000000026e80000)]
  0x000000001da81800 JavaThread "Log4j2-AsyncLoggerConfig-12" daemon [_thread_blocked, id=11140, stack(0x0000000025980000,0x0000000025a80000)]
  0x000000001ac6a800 JavaThread "Log4j2-AsyncLoggerConfig-10" daemon [_thread_blocked, id=3856, stack(0x0000000024580000,0x0000000024680000)]
  0x000000001da80000 JavaThread "Log4j2-AsyncLoggerConfig-8" daemon [_thread_blocked, id=22372, stack(0x0000000022f80000,0x0000000023080000)]
  0x000000001ac6c000 JavaThread "Log4j2-AsyncLoggerConfig-6" daemon [_thread_blocked, id=26604, stack(0x0000000022480000,0x0000000022580000)]
  0x000000001da79800 JavaThread "DestroyJavaVM" [_thread_blocked, id=26288, stack(0x0000000002f90000,0x0000000003090000)]
  0x000000001da78800 JavaThread "Mule.app.deployer.monitor.1.thread.1" [_thread_in_native, id=26468, stack(0x0000000021780000,0x0000000021880000)]
  0x000000001da7f800 JavaThread "Abandoned connection cleanup thread" daemon [_thread_blocked, id=26464, stack(0x0000000021680000,0x0000000021780000)]
  0x000000001da7d000 JavaThread "Log4j2-AsyncLoggerConfig-4" daemon [_thread_blocked, id=26460, stack(0x0000000021580000,0x0000000021680000)]
  0x000000001da7b000 JavaThread "logger.context.reaper" [_thread_blocked, id=26456, stack(0x0000000021480000,0x0000000021580000)]
  0x000000001da7e800 JavaThread "pool-7-thread-6" daemon [_thread_blocked, id=26452, stack(0x0000000021380000,0x0000000021480000)]
  0x000000001da78000 JavaThread "pool-7-thread-5" daemon [_thread_blocked, id=26444, stack(0x0000000021280000,0x0000000021380000)]
  0x000000001da7a000 JavaThread "pool-7-thread-4" daemon [_thread_blocked, id=26440, stack(0x0000000021180000,0x0000000021280000)]
  0x000000001da77000 JavaThread "pool-7-thread-3" daemon [_thread_blocked, id=26428, stack(0x0000000020e80000,0x0000000020f80000)]
  0x000000001da7e000 JavaThread "pool-7-thread-2" daemon [_thread_blocked, id=26432, stack(0x0000000020d80000,0x0000000020e80000)]
  0x000000001da7c800 JavaThread "pool-7-thread-1" daemon [_thread_blocked, id=26424, stack(0x0000000020b80000,0x0000000020c80000)]
  0x000000001ac6b000 JavaThread "Log4j2-AsyncLoggerConfig-2" daemon [_thread_blocked, id=26348, stack(0x000000001cde0000,0x000000001cee0000)]
  0x000000001ac66000 JavaThread "agw-policy-watcher" [_thread_blocked, id=26324, stack(0x000000001cce0000,0x000000001cde0000)]
  0x000000001ac68000 JavaThread "MapDB writer #2" daemon [_thread_blocked, id=26352, stack(0x000000001cbe0000,0x000000001cce0000)]
  0x000000001ac67800 JavaThread "MapDB writer #1" daemon [_thread_blocked, id=26316, stack(0x000000001c9e0000,0x000000001cae0000)]
  0x000000001abc3000 JavaThread "Log4j2-AsyncLoggerConfig-1" daemon [_thread_blocked, id=26356, stack(0x000000001c1a0000,0x000000001c2a0000)]
  0x0000000017bf5000 JavaThread "Service Thread" daemon [_thread_blocked, id=26308, stack(0x0000000018d90000,0x0000000018e90000)]
  0x0000000017bf1000 JavaThread "C1 CompilerThread1" daemon [_thread_blocked, id=26360, stack(0x0000000018c90000,0x0000000018d90000)]
=>0x0000000017b97000 JavaThread "C2 CompilerThread0" daemon [_thread_in_native, id=26312, stack(0x0000000018b90000,0x0000000018c90000)]
  0x0000000017b95800 JavaThread "Attach Listener" daemon [_thread_blocked, id=26368, stack(0x0000000018a90000,0x0000000018b90000)]
  0x0000000017b92800 JavaThread "Signal Dispatcher" daemon [_thread_blocked, id=26304, stack(0x0000000018990000,0x0000000018a90000)]
  0x0000000017b79800 JavaThread "Finalizer" daemon [_thread_blocked, id=26372, stack(0x00000000187a0000,0x00000000188a0000)]
  0x0000000017b50800 JavaThread "Reference Handler" daemon [_thread_blocked, id=26300, stack(0x00000000186a0000,0x00000000187a0000)]

Other Threads:
  0x0000000017b47800 VMThread [stack: 0x00000000185a0000,0x00000000186a0000] [id=26376]
  0x0000000018ebb800 WatcherThread [stack: 0x0000000019290000,0x0000000019390000] [id=26272]

VM state:not at safepoint (normal execution)

VM Mutex/Monitor currently owned by a thread: None

Heap:
 PSYoungGen      total 463360K, used 178456K [0x00000000d5580000, 0x00000000f6200000, 0x0000000100000000)
  eden space 389632K, 35% used [0x00000000d5580000,0x00000000ddd1fc80,0x00000000ed200000)
  from space 73728K, 53% used [0x00000000f1a00000,0x00000000f40a6778,0x00000000f6200000)
  to   space 42496K, 0% used [0x00000000ee200000,0x00000000ee200000,0x00000000f0b80000)
 ParOldGen       total 288256K, used 116035K [0x0000000080000000, 0x0000000091980000, 0x00000000d5580000)
  object space 288256K, 40% used [0x0000000080000000,0x0000000087150db8,0x0000000091980000)
 Metaspace       used 53746K, capacity 54541K, committed 54656K, reserved 1097728K
  class space    used 6692K, capacity 6943K, committed 7040K, reserved 1048576K

Card table byte_map: [0x0000000012550000,0x0000000012960000] byte_map_base: 0x0000000012150000

Marking Bits: (ParMarkBitMap*) 0x00000000616cc720
 Begin Bits: [0x0000000012e10000, 0x0000000014e10000)
 End Bits:   [0x0000000014e10000, 0x0000000016e10000)

Polling page: 0x0000000001510000

CodeCache: size=245760Kb used=23766Kb max_used=23766Kb free=221994Kb
 bounds [0x0000000003190000, 0x00000000048f0000, 0x0000000012190000]
 total_blobs=7004 nmethods=6455 adapters=460
 compilation: enabled

Compilation events (10 events):
Event: 1380.433 Thread 0x0000000017bf1000 8145       3       org.raml.yagi.framework.grammar.rule.ObjectRule::getResult (10 bytes)
Event: 1380.433 Thread 0x0000000017bf1000 nmethod 8145 0x00000000048e6050 code [0x00000000048e61c0, 0x00000000048e6448]
Event: 1380.433 Thread 0x0000000017bf1000 8146       3       com.fasterxml.jackson.core.json.ReaderBasedJsonParser::_parseName (118 bytes)
Event: 1380.433 Thread 0x0000000017bf1000 nmethod 8146 0x00000000048e6510 code [0x00000000048e66a0, 0x00000000048e6af8]
Event: 1380.433 Thread 0x0000000017bf1000 8147       3       com.fasterxml.jackson.core.json.ReaderBasedJsonParser::_skipColon (324 bytes)
Event: 1380.434 Thread 0x0000000017bf1000 nmethod 8147 0x00000000048e6d10 code [0x00000000048e6f20, 0x00000000048e7878]
Event: 1380.434 Thread 0x0000000017bf1000 8148       3       com.fasterxml.jackson.core.json.ReaderBasedJsonParser::_nextAfterName (77 bytes)
Event: 1380.434 Thread 0x0000000017bf1000 nmethod 8148 0x00000000048e7b10 code [0x00000000048e7ca0, 0x00000000048e80b8]
Event: 1380.434 Thread 0x0000000017bf1000 8149       3       com.fasterxml.jackson.databind.SerializationFeature::getMask (7 bytes)
Event: 1380.434 Thread 0x0000000017bf1000 nmethod 8149 0x00000000048e81d0 code [0x00000000048e8320, 0x00000000048e8510]

GC Heap History (10 events):
Event: 198.928 GC heap before
{Heap before GC invocations=13 (full 2):
 PSYoungGen      total 411136K, used 410602K [0x00000000d5580000, 0x00000000f2580000, 0x0000000100000000)
  eden space 383488K, 99% used [0x00000000d5580000,0x00000000ecb82548,0x00000000ecc00000)
  from space 27648K, 99% used [0x00000000ef600000,0x00000000f10f82b8,0x00000000f1100000)
  to   space 43008K, 0% used [0x00000000ecc00000,0x00000000ecc00000,0x00000000ef600000)
 ParOldGen       total 150528K, used 75492K [0x0000000080000000, 0x0000000089300000, 0x00000000d5580000)
  object space 150528K, 50% used [0x0000000080000000,0x00000000849b9318,0x0000000089300000)
 Metaspace       used 45645K, capacity 46161K, committed 46592K, reserved 1089536K
  class space    used 5930K, capacity 6073K, committed 6144K, reserved 1048576K
Event: 199.011 GC heap after
Heap after GC invocations=13 (full 2):
 PSYoungGen      total 426496K, used 42993K [0x00000000d5580000, 0x00000000f5d00000, 0x0000000100000000)
  eden space 383488K, 0% used [0x00000000d5580000,0x00000000d5580000,0x00000000ecc00000)
  from space 43008K, 99% used [0x00000000ecc00000,0x00000000ef5fc4f8,0x00000000ef600000)
  to   space 53248K, 0% used [0x00000000f2900000,0x00000000f2900000,0x00000000f5d00000)
 ParOldGen       total 150528K, used 84026K [0x0000000080000000, 0x0000000089300000, 0x00000000d5580000)
  object space 150528K, 55% used [0x0000000080000000,0x000000008520eb28,0x0000000089300000)
 Metaspace       used 45645K, capacity 46161K, committed 46592K, reserved 1089536K
  class space    used 5930K, capacity 6073K, committed 6144K, reserved 1048576K
}
Event: 541.895 GC heap before
{Heap before GC invocations=14 (full 2):
 PSYoungGen      total 426496K, used 426481K [0x00000000d5580000, 0x00000000f5d00000, 0x0000000100000000)
  eden space 383488K, 100% used [0x00000000d5580000,0x00000000ecc00000,0x00000000ecc00000)
  from space 43008K, 99% used [0x00000000ecc00000,0x00000000ef5fc4f8,0x00000000ef600000)
  to   space 53248K, 0% used [0x00000000f2900000,0x00000000f2900000,0x00000000f5d00000)
 ParOldGen       total 150528K, used 84026K [0x0000000080000000, 0x0000000089300000, 0x00000000d5580000)
  object space 150528K, 55% used [0x0000000080000000,0x000000008520eb28,0x0000000089300000)
 Metaspace       used 49094K, capacity 49683K, committed 50048K, reserved 1093632K
  class space    used 6285K, capacity 6472K, committed 6528K, reserved 1048576K
Event: 541.988 GC heap after
Heap after GC invocations=14 (full 2):
 PSYoungGen      total 459264K, used 53217K [0x00000000d5580000, 0x00000000f7a80000, 0x0000000100000000)
  eden space 406016K, 0% used [0x00000000d5580000,0x00000000d5580000,0x00000000ee200000)
  from space 53248K, 99% used [0x00000000f2900000,0x00000000f5cf8748,0x00000000f5d00000)
  to   space 72704K, 0% used [0x00000000ee200000,0x00000000ee200000,0x00000000f2900000)
 ParOldGen       total 150528K, used 112778K [0x0000000080000000, 0x0000000089300000, 0x00000000d5580000)
  object space 150528K, 74% used [0x0000000080000000,0x0000000086e22bd0,0x0000000089300000)
 Metaspace       used 49094K, capacity 49683K, committed 50048K, reserved 1093632K
  class space    used 6285K, capacity 6472K, committed 6528K, reserved 1048576K
}
Event: 651.191 GC heap before
{Heap before GC invocations=15 (full 2):
 PSYoungGen      total 459264K, used 459233K [0x00000000d5580000, 0x00000000f7a80000, 0x0000000100000000)
  eden space 406016K, 100% used [0x00000000d5580000,0x00000000ee200000,0x00000000ee200000)
  from space 53248K, 99% used [0x00000000f2900000,0x00000000f5cf8748,0x00000000f5d00000)
  to   space 72704K, 0% used [0x00000000ee200000,0x00000000ee200000,0x00000000f2900000)
 ParOldGen       total 150528K, used 112778K [0x0000000080000000, 0x0000000089300000, 0x00000000d5580000)
  object space 150528K, 74% used [0x0000000080000000,0x0000000086e22bd0,0x0000000089300000)
 Metaspace       used 49805K, capacity 50605K, committed 50688K, reserved 1093632K
  class space    used 6330K, capacity 6573K, committed 6656K, reserved 1048576K
Event: 651.247 GC heap after
Heap after GC invocations=15 (full 2):
 PSYoungGen      total 432128K, used 42323K [0x00000000d5580000, 0x00000000f6200000, 0x0000000100000000)
  eden space 389632K, 0% used [0x00000000d5580000,0x00000000d5580000,0x00000000ed200000)
  from space 42496K, 99% used [0x00000000ee200000,0x00000000f0b54e58,0x00000000f0b80000)
  to   space 73728K, 0% used [0x00000000f1a00000,0x00000000f1a00000,0x00000000f6200000)
 ParOldGen       total 150528K, used 139179K [0x0000000080000000, 0x0000000089300000, 0x00000000d5580000)
  object space 150528K, 92% used [0x0000000080000000,0x00000000887eadc8,0x0000000089300000)
 Metaspace       used 49805K, capacity 50605K, committed 50688K, reserved 1093632K
  class space    used 6330K, capacity 6573K, committed 6656K, reserved 1048576K
}
Event: 651.247 GC heap before
{Heap before GC invocations=16 (full 3):
 PSYoungGen      total 432128K, used 42323K [0x00000000d5580000, 0x00000000f6200000, 0x0000000100000000)
  eden space 389632K, 0% used [0x00000000d5580000,0x00000000d5580000,0x00000000ed200000)
  from space 42496K, 99% used [0x00000000ee200000,0x00000000f0b54e58,0x00000000f0b80000)
  to   space 73728K, 0% used [0x00000000f1a00000,0x00000000f1a00000,0x00000000f6200000)
 ParOldGen       total 150528K, used 139179K [0x0000000080000000, 0x0000000089300000, 0x00000000d5580000)
  object space 150528K, 92% used [0x0000000080000000,0x00000000887eadc8,0x0000000089300000)
 Metaspace       used 49805K, capacity 50605K, committed 50688K, reserved 1093632K
  class space    used 6330K, capacity 6573K, committed 6656K, reserved 1048576K
Event: 651.833 GC heap after
Heap after GC invocations=16 (full 3):
 PSYoungGen      total 432128K, used 0K [0x00000000d5580000, 0x00000000f6200000, 0x0000000100000000)
  eden space 389632K, 0% used [0x00000000d5580000,0x00000000d5580000,0x00000000ed200000)
  from space 42496K, 0% used [0x00000000ee200000,0x00000000ee200000,0x00000000f0b80000)
  to   space 73728K, 0% used [0x00000000f1a00000,0x00000000f1a00000,0x00000000f6200000)
 ParOldGen       total 288256K, used 116035K [0x0000000080000000, 0x0000000091980000, 0x00000000d5580000)
  object space 288256K, 40% used [0x0000000080000000,0x0000000087150db8,0x0000000091980000)
 Metaspace       used 49805K, capacity 50605K, committed 50688K, reserved 1093632K
  class space    used 6330K, capacity 6573K, committed 6656K, reserved 1048576K
}
Event: 1380.081 GC heap before
{Heap before GC invocations=17 (full 3):
 PSYoungGen      total 432128K, used 389632K [0x00000000d5580000, 0x00000000f6200000, 0x0000000100000000)
  eden space 389632K, 100% used [0x00000000d5580000,0x00000000ed200000,0x00000000ed200000)
  from space 42496K, 0% used [0x00000000ee200000,0x00000000ee200000,0x00000000f0b80000)
  to   space 73728K, 0% used [0x00000000f1a00000,0x00000000f1a00000,0x00000000f6200000)
 ParOldGen       total 288256K, used 116035K [0x0000000080000000, 0x0000000091980000, 0x00000000d5580000)
  object space 288256K, 40% used [0x0000000080000000,0x0000000087150db8,0x0000000091980000)
 Metaspace       used 53694K, capacity 54465K, committed 54656K, reserved 1097728K
  class space    used 6689K, capacity 6939K, committed 7040K, reserved 1048576K
Event: 1380.112 GC heap after
Heap after GC invocations=17 (full 3):
 PSYoungGen      total 463360K, used 39577K [0x00000000d5580000, 0x00000000f6200000, 0x0000000100000000)
  eden space 389632K, 0% used [0x00000000d5580000,0x00000000d5580000,0x00000000ed200000)
  from space 73728K, 53% used [0x00000000f1a00000,0x00000000f40a6778,0x00000000f6200000)
  to   space 42496K, 0% used [0x00000000ee200000,0x00000000ee200000,0x00000000f0b80000)
 ParOldGen       total 288256K, used 116035K [0x0000000080000000, 0x0000000091980000, 0x00000000d5580000)
  object space 288256K, 40% used [0x0000000080000000,0x0000000087150db8,0x0000000091980000)
 Metaspace       used 53694K, capacity 54465K, committed 54656K, reserved 1097728K
  class space    used 6689K, capacity 6939K, committed 7040K, reserved 1048576K
}

Deoptimization events (10 events):
Event: 651.166 Thread 0x000000001da7b800 Uncommon trap: reason=bimorphic action=maybe_recompile pc=0x000000000346afdc method=java.util.WeakHashMap.eq(Ljava/lang/Object;Ljava/lang/Object;)Z @ 7
Event: 651.191 Thread 0x000000001da7b800 Uncommon trap: reason=bimorphic action=maybe_recompile pc=0x00000000044c1c00 method=java.util.Collections$SetFromMap.add(Ljava/lang/Object;)Z @ 8
Event: 652.056 Thread 0x000000001da7b800 Uncommon trap: reason=unstable_if action=reinterpret pc=0x00000000033e2ec0 method=java.lang.Integer.parseInt(Ljava/lang/String;I)I @ 122
Event: 652.065 Thread 0x000000001da7b800 Uncommon trap: reason=bimorphic action=maybe_recompile pc=0x00000000044c1c00 method=java.util.Collections$SetFromMap.add(Ljava/lang/Object;)Z @ 8
Event: 652.070 Thread 0x000000001da7b800 Uncommon trap: reason=null_check action=make_not_entrant pc=0x0000000003ec03f8 method=java.util.Formatter$FormatSpecifier.printString(Ljava/lang/Object;Ljava/util/Locale;)V @ 1
Event: 652.070 Thread 0x000000001da7b800 Uncommon trap: reason=null_check action=make_not_entrant pc=0x00000000043d0be8 method=java.util.Formatter$FormatSpecifier.printString(Ljava/lang/Object;Ljava/util/Locale;)V @ 1
Event: 652.101 Thread 0x000000001da7b800 Uncommon trap: reason=bimorphic action=maybe_recompile pc=0x00000000044c1c00 method=java.util.Collections$SetFromMap.add(Ljava/lang/Object;)Z @ 8
Event: 1199.223 Thread 0x000000001da78800 Uncommon trap: reason=null_check action=make_not_entrant pc=0x00000000046ed5a0 method=java.lang.ThreadLocal$ThreadLocalMap.set(Ljava/lang/ThreadLocal;Ljava/lang/Object;)V @ 36
Event: 1199.223 Thread 0x000000001da78800 Uncommon trap: reason=unstable_if action=reinterpret pc=0x000000000420a64c method=java.lang.ThreadLocal$ThreadLocalMap.set(Ljava/lang/ThreadLocal;Ljava/lang/Object;)V @ 119
Event: 1218.682 Thread 0x000000001e4c4800 Uncommon trap: reason=bimorphic action=maybe_recompile pc=0x000000000346afdc method=java.util.WeakHashMap.eq(Ljava/lang/Object;Ljava/lang/Object;)Z @ 7

Internal exceptions (10 events):
Event: 1380.333 Thread 0x000000001da78800 Exception <a 'java/lang/NoClassDefFoundError': com/ibm/jms/JMSMessage> (0x00000000da77a4e0) thrown at [C:\re\workspace\8-2-build-windows-amd64-cygwin\jdk8u131\8869\hotspot\src\share\vm\classfile\systemDictionary.cpp, line 199]
Event: 1380.333 Thread 0x000000001da78800 Exception <a 'java/lang/reflect/InvocationTargetException'> (0x00000000da77a8d0) thrown at [C:\re\workspace\8-2-build-windows-amd64-cygwin\jdk8u131\8869\hotspot\src\share\vm\runtime\reflection.cpp, line 1092]
Event: 1380.334 Thread 0x000000001da78800 Exception <a 'java/lang/NoClassDefFoundError': com/ibm/jms/JMSMessage> (0x00000000da77cc50) thrown at [C:\re\workspace\8-2-build-windows-amd64-cygwin\jdk8u131\8869\hotspot\src\share\vm\oops\constantPool.cpp, line 235]
Event: 1380.334 Thread 0x000000001da78800 Exception <a 'java/lang/reflect/InvocationTargetException'> (0x00000000da77d040) thrown at [C:\re\workspace\8-2-build-windows-amd64-cygwin\jdk8u131\8869\hotspot\src\share\vm\runtime\reflection.cpp, line 1092]
Event: 1380.334 Thread 0x000000001da78800 Exception <a 'java/lang/NoClassDefFoundError': com/ibm/jms/JMSMessage> (0x00000000da77f370) thrown at [C:\re\workspace\8-2-build-windows-amd64-cygwin\jdk8u131\8869\hotspot\src\share\vm\oops\constantPool.cpp, line 235]
Event: 1380.334 Thread 0x000000001da78800 Exception <a 'java/lang/reflect/InvocationTargetException'> (0x00000000da77f760) thrown at [C:\re\workspace\8-2-build-windows-amd64-cygwin\jdk8u131\8869\hotspot\src\share\vm\runtime\reflection.cpp, line 1092]
Event: 1380.334 Thread 0x000000001da78800 Exception <a 'java/lang/NoClassDefFoundError': com/ibm/jms/JMSMessage> (0x00000000da781a90) thrown at [C:\re\workspace\8-2-build-windows-amd64-cygwin\jdk8u131\8869\hotspot\src\share\vm\oops\constantPool.cpp, line 235]
Event: 1380.334 Thread 0x000000001da78800 Exception <a 'java/lang/reflect/InvocationTargetException'> (0x00000000da781e80) thrown at [C:\re\workspace\8-2-build-windows-amd64-cygwin\jdk8u131\8869\hotspot\src\share\vm\runtime\reflection.cpp, line 1092]
Event: 1380.334 Thread 0x000000001da78800 Exception <a 'java/lang/NoClassDefFoundError': com/ibm/jms/JMSMessage> (0x00000000da7841b0) thrown at [C:\re\workspace\8-2-build-windows-amd64-cygwin\jdk8u131\8869\hotspot\src\share\vm\oops\constantPool.cpp, line 235]
Event: 1380.334 Thread 0x000000001da78800 Exception <a 'java/lang/reflect/InvocationTargetException'> (0x00000000da7845a0) thrown at [C:\re\workspace\8-2-build-windows-amd64-cygwin\jdk8u131\8869\hotspot\src\share\vm\runtime\reflection.cpp, line 1092]

Events (10 events):
Event: 1380.436 loading class org/raml/v2/internal/impl/commons/model/RelativeUriString
Event: 1380.436 loading class org/raml/v2/internal/impl/commons/model/RelativeUriString done
Event: 1380.437 loading class org/raml/v2/internal/impl/commons/model/RelativeUriString
Event: 1380.437 loading class org/raml/v2/internal/impl/commons/model/RelativeUriString done
Event: 1380.437 loading class org/raml/v2/internal/impl/commons/model/RelativeUriString
Event: 1380.437 loading class org/raml/v2/internal/impl/commons/model/RelativeUriString done
Event: 1380.449 loading class META-INF/services/org/mule/i18n/core-messages_en
Event: 1380.449 loading class META-INF/services/org/mule/i18n/core-messages_en done
Event: 1380.450 loading class META-INF/services/org/mule/i18n/core-messages_en_AU
Event: 1380.450 loading class META-INF/services/org/mule/i18n/core-messages_en_AU done


Dynamic libraries:
0x00007ff648300000 - 0x00007ff648337000 	C:\Program Files\Java\jdk1.8.0_131\bin\javaw.exe
0x00007ff9d6320000 - 0x00007ff9d64f1000 	C:\Windows\SYSTEM32\ntdll.dll
0x00007ff9d5cf0000 - 0x00007ff9d5d9b000 	C:\Windows\System32\KERNEL32.DLL
0x00007ff9d3690000 - 0x00007ff9d38ad000 	C:\Windows\System32\KERNELBASE.dll
0x00007ff9d5500000 - 0x00007ff9d55a2000 	C:\Windows\System32\ADVAPI32.dll
0x00007ff9d3d10000 - 0x00007ff9d3dae000 	C:\Windows\System32\msvcrt.dll
0x00007ff9d61d0000 - 0x00007ff9d6229000 	C:\Windows\System32\sechost.dll
0x00007ff9d3be0000 - 0x00007ff9d3d01000 	C:\Windows\System32\RPCRT4.dll
0x00007ff9d3db0000 - 0x00007ff9d3f15000 	C:\Windows\System32\USER32.dll
0x00007ff9d2ba0000 - 0x00007ff9d2bbe000 	C:\Windows\System32\win32u.dll
0x00007ff9d62c0000 - 0x00007ff9d62f4000 	C:\Windows\System32\GDI32.dll
0x00007ff9d3450000 - 0x00007ff9d35d2000 	C:\Windows\System32\gdi32full.dll
0x00007ff9cbad0000 - 0x00007ff9cbd4a000 	C:\Windows\WinSxS\amd64_microsoft.windows.common-controls_6595b64144ccf1df_6.0.14393.953_none_42151e83c686086b\COMCTL32.dll
0x00007ff9d3910000 - 0x00007ff9d3bd8000 	C:\Windows\System32\combase.dll
0x00007ff9d2c70000 - 0x00007ff9d2d65000 	C:\Windows\System32\ucrtbase.dll
0x00007ff9d2810000 - 0x00007ff9d287a000 	C:\Windows\System32\bcryptPrimitives.dll
0x00007ff9d3f20000 - 0x00007ff9d3f4e000 	C:\Windows\System32\IMM32.DLL
0x0000000061750000 - 0x0000000061822000 	C:\Program Files\Java\jdk1.8.0_131\jre\bin\msvcr100.dll
0x0000000060eb0000 - 0x000000006174c000 	C:\Program Files\Java\jdk1.8.0_131\jre\bin\server\jvm.dll
0x00007ff9d6300000 - 0x00007ff9d6308000 	C:\Windows\System32\PSAPI.DLL
0x00007ff9c2510000 - 0x00007ff9c2519000 	C:\Windows\SYSTEM32\WSOCK32.dll
0x00007ff9d55b0000 - 0x00007ff9d561a000 	C:\Windows\System32\WS2_32.dll
0x00007ff9d0c30000 - 0x00007ff9d0c53000 	C:\Windows\SYSTEM32\WINMM.dll
0x00007ff9c86e0000 - 0x00007ff9c86ea000 	C:\Windows\SYSTEM32\VERSION.dll
0x00007ff9d0bd0000 - 0x00007ff9d0bfb000 	C:\Windows\SYSTEM32\WINMMBASE.dll
0x00007ff9d2b50000 - 0x00007ff9d2b92000 	C:\Windows\System32\cfgmgr32.dll
0x0000000060ea0000 - 0x0000000060eaf000 	C:\Program Files\Java\jdk1.8.0_131\jre\bin\verify.dll
0x0000000060e70000 - 0x0000000060e99000 	C:\Program Files\Java\jdk1.8.0_131\jre\bin\java.dll
0x0000000060e50000 - 0x0000000060e66000 	C:\Program Files\Java\jdk1.8.0_131\jre\bin\zip.dll
0x00007ff9d3ff0000 - 0x00007ff9d54f8000 	C:\Windows\System32\SHELL32.dll
0x00007ff9d2d70000 - 0x00007ff9d344a000 	C:\Windows\System32\windows.storage.dll
0x00007ff9d2780000 - 0x00007ff9d27cc000 	C:\Windows\System32\powrprof.dll
0x00007ff9d6260000 - 0x00007ff9d62b2000 	C:\Windows\System32\shlwapi.dll
0x00007ff9d27f0000 - 0x00007ff9d27ff000 	C:\Windows\System32\kernel.appcore.dll
0x00007ff9d35e0000 - 0x00007ff9d3689000 	C:\Windows\System32\shcore.dll
0x00007ff9d27d0000 - 0x00007ff9d27e4000 	C:\Windows\System32\profapi.dll
0x0000000060e40000 - 0x0000000060e4d000 	C:\Program Files\Java\jdk1.8.0_131\jre\bin\management.dll
0x00007ff9d2250000 - 0x00007ff9d2267000 	C:\Windows\SYSTEM32\CRYPTSP.dll
0x00007ff9d1cb0000 - 0x00007ff9d1ce3000 	C:\Windows\system32\rsaenh.dll
0x00007ff9d2620000 - 0x00007ff9d264b000 	C:\Windows\SYSTEM32\bcrypt.dll
0x00007ff9d1f30000 - 0x00007ff9d1f4f000 	C:\Windows\SYSTEM32\USERENV.dll
0x00007ff9d25f0000 - 0x00007ff9d25fb000 	C:\Windows\SYSTEM32\CRYPTBASE.dll
0x0000000060e20000 - 0x0000000060e3a000 	C:\Program Files\Java\jdk1.8.0_131\jre\bin\net.dll
0x00007ff9d20b0000 - 0x00007ff9d210c000 	C:\Windows\system32\mswsock.dll
0x00007ff9d1e30000 - 0x00007ff9d1e68000 	C:\Windows\SYSTEM32\IPHLPAPI.DLL
0x00007ff9d6250000 - 0x00007ff9d6258000 	C:\Windows\System32\NSI.dll
0x00007ff9ca410000 - 0x00007ff9ca426000 	C:\Windows\SYSTEM32\dhcpcsvc6.DLL
0x00007ff9ca3f0000 - 0x00007ff9ca40a000 	C:\Windows\SYSTEM32\dhcpcsvc.DLL
0x0000000060e00000 - 0x0000000060e11000 	C:\Program Files\Java\jdk1.8.0_131\jre\bin\nio.dll
0x00007ff9c0240000 - 0x00007ff9c024a000 	C:\Users\VM\AppData\Local\Temp\jansi-64-4380828260329896046.dll
0x00007ff9c6f50000 - 0x00007ff9c6f66000 	C:\Windows\system32\napinsp.dll
0x00007ff9c6f30000 - 0x00007ff9c6f4a000 	C:\Windows\system32\pnrpnsp.dll
0x00007ff9cf710000 - 0x00007ff9cf728000 	C:\Windows\system32\NLAapi.dll
0x00007ff9d1e80000 - 0x00007ff9d1f21000 	C:\Windows\SYSTEM32\DNSAPI.dll
0x00007ff9c6f70000 - 0x00007ff9c6f7e000 	C:\Windows\System32\winrnr.dll
0x00007ff9c9da0000 - 0x00007ff9c9e0a000 	C:\Windows\System32\fwpuclnt.dll
0x00007ff9c8f40000 - 0x00007ff9c8f4a000 	C:\Windows\System32\rasadhlp.dll

VM Arguments:
jvm_args: -XX:PermSize=128M -XX:MaxPermSize=256M -Dmule.home=C:\Users\VM\AnypointStudio\workspace\.mule -Djava.endorsed.dirs=C:\AnypointStudio\plugins\org.mule.tooling.server.3.8.3.ee_6.2.3.201703031253\mule\lib\endorsed -Djava.net.preferIPv4Stack=TRUE -Dmvel2.disable.jit=TRUE -Dosgi.dev=true -Dmule.verbose.exceptions=true -Dmule.plugins.dir=C:\AnypointStudio\plugins\org.mule.tooling.server.3.8.3.ee_6.2.3.201703031253\mule\plugins -Dmule.agent.enabled=false -Dmule.forceConsoleLog -Dlog4j.debug=true -Danypoint.platform.gatekeeper=false -Dosgi.instance.area=file:\C:\Users\VM\AnypointStudio\workspace -Dfile.encoding=Cp1252 
java_command: org.mule.tooling.server.application.ApplicationDeployer
java_class_path (initial): C:\AnypointStudio\plugins\org.mule.tooling.server.3.8.3.ee_6.2.3.201703031253\mule\tooling\tooling-support-3.8.3.jar;C:\AnypointStudio\plugins\org.mule.tooling.server.3.8.3.ee_6.2.3.201703031253\mule\lib\boot\commons-cli-1.2.jar;C:\AnypointStudio\plugins\org.mule.tooling.server.3.8.3.ee_6.2.3.201703031253\mule\lib\boot\commons-codec-1.9.jar;C:\AnypointStudio\plugins\org.mule.tooling.server.3.8.3.ee_6.2.3.201703031253\mule\lib\boot\disruptor-3.3.0.jar;C:\AnypointStudio\plugins\org.mule.tooling.server.3.8.3.ee_6.2.3.201703031253\mule\lib\boot\jcl-over-slf4j-1.7.7.jar;C:\AnypointStudio\plugins\org.mule.tooling.server.3.8.3.ee_6.2.3.201703031253\mule\lib\boot\license-utils-gw-3.8.3.jar;C:\AnypointStudio\plugins\org.mule.tooling.server.3.8.3.ee_6.2.3.201703031253\mule\lib\boot\licm-studio-1.1.4.jar;C:\AnypointStudio\plugins\org.mule.tooling.server.3.8.3.ee_6.2.3.201703031253\mule\lib\boot\log4j-1.2-api-2.5.jar;C:\AnypointStudio\plugins\org.mule.tooling.server.3.8.3.ee_6.2.3.201703031253\mule\lib\boot\log4j-api-2.5.jar;C:\AnypointStudio\plugins\org.mule.tooling.server.3.8.3.ee_6.2.3.201703031253\mule\lib\boot\log4j-core-2.5.jar;C:\AnypointStudio\plugins\org.mule.tooling.server.3.8.3.ee_6.2.3.201703031253\mule\lib\boot\log4j-jcl-2.5.jar;C:\AnypointStudio\plugins\org.mule.tooling.server.3.8.3.ee_6.2.3.201703031253\mule\lib\boot\log4j-jul-2.5.jar;C:\AnypointStudio\plugins\org.mule.tooling.server.3.8.3.ee_6.2.3.201703031253\mule\lib\boot\log4j-slf4j-impl-2.5.jar;C:\AnypointStudio\plugins\org.mule.tooling.server.3.8.3.ee_6.2.3.201703031253\mule\lib\boot\mule-module-boot-ee-3.8.3.jar;C:\AnypointStudio\plugins\org.mule.tooling.server.3.8.3.ee_6.2.3.201703031253\mule\lib\boot\oscore-2.2.4.jar;C:\AnypointStudio\plugins\org.mule.tooling.server.3.8.3.ee_6.2.3.201703031253\mule\lib\boot\propertyset-1.3.jar;C:\AnypointStudio\plugins\org.mule.tooling.server.3.8.3.ee_6.2.3.201703031253\mule\lib\boot\slf4j-api-1.7.7.jar;C:\AnypointStudio\plugins\org.mule.tool
Launcher Type: SUN_STANDARD

Environment Variables:
JAVA_HOME=C:\Program Files\Java\jdk1.8.0_131
PATH=C:/Program Files/Java/jre1.8.0_131/bin/server;C:/Program Files/Java/jre1.8.0_131/bin;C:/Program Files/Java/jre1.8.0_131/lib/amd64;C:\apache-maven-3.5.0\bin;C:\oraclexe\app\oracle\product\11.2.0\server\bin;C:\ProgramData\Oracle\Java\javapath;C:\Windows\system32;C:\Windows;C:\Windows\System32\Wbem;C:\Windows\System32\WindowsPowerShell\v1.0\;%JAVA_HOME%\bin;C:\Program Files\MySQL\MySQL Utilities 1.6\;C:\Users\VM\AppData\Local\Microsoft\WindowsApps;C:\apache-maven-3.5.0\bin;;C:\AnypointStudio;
USERNAME=VM
OS=Windows_NT
PROCESSOR_IDENTIFIER=Intel64 Family 6 Model 94 Stepping 3, GenuineIntel



---------------  S Y S T E M  ---------------

OS: Windows 10.0 , 64 bit Build 14393 (10.0.14393.0)

CPU:total 2 (initial active 2) (1 cores per cpu, 1 threads per core) family 6 model 94 stepping 3, cmov, cx8, fxsr, mmx, sse, sse2, sse3, ssse3, sse4.1, sse4.2, popcnt, avx, avx2, aes, clmul, erms, rtm, 3dnowpref, lzcnt, tsc, tscinvbit, bmi1, bmi2, adx

Memory: 4k page, physical 8388084k(1337772k free), swap 16188144k(5504k free)

vm_info: Java HotSpot(TM) 64-Bit Server VM (25.131-b11) for windows-amd64 JRE (1.8.0_131-b11), built on Mar 15 2017 01:23:53 by "java_re" with MS VC++ 10.0 (VS2010)

time: Sun Apr 23 02:24:00 2017
elapsed time: 1380 seconds (0d 0h 23m 0s)

